
> travel@0.1.0 lint
> eslint


C:\Users\beyon\OneDrive\??? ???\travel\src\components\EventModal.tsx
  36:17  error  Error: Calling setState synchronously within an effect can trigger cascading renders

Effects are intended to synchronize state between React and external systems such as manually updating the DOM, state management libraries, or other platform APIs. In general, the body of an effect should do one or both of the following:
* Update external systems with the latest state from React.
* Subscribe for updates from some external system, calling setState in a callback function when external state changes.

Calling setState synchronously within an effect body causes cascading renders that can hurt performance, and is not recommended. (https://react.dev/learn/you-might-not-need-an-effect).

C:\Users\beyon\OneDrive\??? ???\travel\src\components\EventModal.tsx:36:17
  34 |         if (isOpen) {
  35 |             if (existingEvent) {
> 36 |                 setTitle(existingEvent.title);
     |                 ^^^^^^^^ Avoid calling setState() directly within an effect
  37 |                 setStartTime(
  38 |                     existingEvent.start.toTimeString().slice(0, 5)
  39 |                 );  react-hooks/set-state-in-effect

C:\Users\beyon\OneDrive\??? ???\travel\src\components\SharedNotepad.tsx
  14:20  error  Error: Calling setState synchronously within an effect can trigger cascading renders

Effects are intended to synchronize state between React and external systems such as manually updating the DOM, state management libraries, or other platform APIs. In general, the body of an effect should do one or both of the following:
* Update external systems with the latest state from React.
* Subscribe for updates from some external system, calling setState in a callback function when external state changes.

Calling setState synchronously within an effect body causes cascading renders that can hurt performance, and is not recommended. (https://react.dev/learn/you-might-not-need-an-effect).

C:\Users\beyon\OneDrive\??? ???\travel\src\components\SharedNotepad.tsx:14:20
  12 |     useEffect(() => {
  13 |         const saved = localStorage.getItem("japan_travel_notepad");
> 14 |         if (saved) setContent(saved);
     |                    ^^^^^^^^^^ Avoid calling setState() directly within an effect
  15 |     }, []);
  16 |
  17 |     const handleSave = () => {  react-hooks/set-state-in-effect

??2 problems (2 errors, 0 warnings)

